This is pdfTeX, Version 3.14159265-2.6-1.40.21 (TeX Live 2020) (preloaded format=pdflatex 2020.4.7)  17 OCT 2021 12:24
entering extended mode
 restricted \write18 enabled.
 file:line:error style messages enabled.
 %&-line parsing enabled.
**dis.tex
(./dis.tex
LaTeX2e <2020-02-02> patch level 5
L3 programming layer <2020-03-06>
(/usr/local/texlive/2020/texmf-dist/tex/latex/base/report.cls
Document Class: report 2019/12/20 v1.4l Standard LaTeX document class
(/usr/local/texlive/2020/texmf-dist/tex/latex/base/size12.clo
File: size12.clo 2019/12/20 v1.4l Standard LaTeX file (size option)
)
\c@part=\count167
\c@chapter=\count168
\c@section=\count169
\c@subsection=\count170
\c@subsubsection=\count171
\c@paragraph=\count172
\c@subparagraph=\count173
\c@figure=\count174
\c@table=\count175
\abovecaptionskip=\skip47
\belowcaptionskip=\skip48
\bibindent=\dimen134
)
(/usr/local/texlive/2020/texmf-dist/tex/latex/natbib/natbib.sty
Package: natbib 2010/09/13 8.31b (PWD, AO)
\bibhang=\skip49
\bibsep=\skip50
LaTeX Info: Redefining \cite on input line 694.
\c@NAT@ctr=\count176
)
(/usr/local/texlive/2020/texmf-dist/tex/latex/geometry/geometry.sty
Package: geometry 2020/01/02 v5.9 Page Geometry

(/usr/local/texlive/2020/texmf-dist/tex/latex/graphics/keyval.sty
Package: keyval 2014/10/28 v1.15 key=value parser (DPC)
\KV@toks@=\toks15
)
(/usr/local/texlive/2020/texmf-dist/tex/generic/iftex/ifvtex.sty
Package: ifvtex 2019/10/25 v1.7 ifvtex legacy package. Use iftex instead.

(/usr/local/texlive/2020/texmf-dist/tex/generic/iftex/iftex.sty
Package: iftex 2020/03/06 v1.0d TeX engine tests
))
\Gm@cnth=\count177
\Gm@cntv=\count178
\c@Gm@tempcnt=\count179
\Gm@bindingoffset=\dimen135
\Gm@wd@mp=\dimen136
\Gm@odd@mp=\dimen137
\Gm@even@mp=\dimen138
\Gm@layoutwidth=\dimen139
\Gm@layoutheight=\dimen140
\Gm@layouthoffset=\dimen141
\Gm@layoutvoffset=\dimen142
\Gm@dimlist=\toks16
)
(/usr/local/texlive/2020/texmf-dist/tex/latex/fancyhdr/fancyhdr.sty
Package: fancyhdr 2019/01/31 v3.10 Extensive control of page headers and footer
s
\f@nch@headwidth=\skip51
\f@nch@O@elh=\skip52
\f@nch@O@erh=\skip53
\f@nch@O@olh=\skip54
\f@nch@O@orh=\skip55
\f@nch@O@elf=\skip56
\f@nch@O@erf=\skip57
\f@nch@O@olf=\skip58
\f@nch@O@orf=\skip59
)
(/usr/local/texlive/2020/texmf-dist/tex/latex/tools/afterpage.sty
Package: afterpage 2014/10/28 v1.08 After-Page Package (DPC)
\AP@output=\toks17
\AP@partial=\box45
\AP@footins=\box46
)
(/usr/local/texlive/2020/texmf-dist/tex/latex/graphics/graphicx.sty
Package: graphicx 2019/11/30 v1.2a Enhanced LaTeX Graphics (DPC,SPQR)

(/usr/local/texlive/2020/texmf-dist/tex/latex/graphics/graphics.sty
Package: graphics 2019/11/30 v1.4a Standard LaTeX Graphics (DPC,SPQR)

(/usr/local/texlive/2020/texmf-dist/tex/latex/graphics/trig.sty
Package: trig 2016/01/03 v1.10 sin cos tan (DPC)
)
(/usr/local/texlive/2020/texmf-dist/tex/latex/graphics-cfg/graphics.cfg
File: graphics.cfg 2016/06/04 v1.11 sample graphics configuration
)
Package graphics Info: Driver file: pdftex.def on input line 105.

(/usr/local/texlive/2020/texmf-dist/tex/latex/graphics-def/pdftex.def
File: pdftex.def 2018/01/08 v1.0l Graphics/color driver for pdftex
))
\Gin@req@height=\dimen143
\Gin@req@width=\dimen144
)
(/usr/local/texlive/2020/texmf-dist/tex/latex/amsmath/amsmath.sty
Package: amsmath 2020/01/20 v2.17e AMS math features
\@mathmargin=\skip60

For additional information on amsmath, use the `?' option.
(/usr/local/texlive/2020/texmf-dist/tex/latex/amsmath/amstext.sty
Package: amstext 2000/06/29 v2.01 AMS text

(/usr/local/texlive/2020/texmf-dist/tex/latex/amsmath/amsgen.sty
File: amsgen.sty 1999/11/30 v2.0 generic functions
\@emptytoks=\toks18
\ex@=\dimen145
))
(/usr/local/texlive/2020/texmf-dist/tex/latex/amsmath/amsbsy.sty
Package: amsbsy 1999/11/29 v1.2d Bold Symbols
\pmbraise@=\dimen146
)
(/usr/local/texlive/2020/texmf-dist/tex/latex/amsmath/amsopn.sty
Package: amsopn 2016/03/08 v2.02 operator names
)
\inf@bad=\count180
LaTeX Info: Redefining \frac on input line 227.
\uproot@=\count181
\leftroot@=\count182
LaTeX Info: Redefining \overline on input line 389.
\classnum@=\count183
\DOTSCASE@=\count184
LaTeX Info: Redefining \ldots on input line 486.
LaTeX Info: Redefining \dots on input line 489.
LaTeX Info: Redefining \cdots on input line 610.
\Mathstrutbox@=\box47
\strutbox@=\box48
\big@size=\dimen147
LaTeX Font Info:    Redeclaring font encoding OML on input line 733.
LaTeX Font Info:    Redeclaring font encoding OMS on input line 734.
\macc@depth=\count185
\c@MaxMatrixCols=\count186
\dotsspace@=\muskip16
\c@parentequation=\count187
\dspbrk@lvl=\count188
\tag@help=\toks19
\row@=\count189
\column@=\count190
\maxfields@=\count191
\andhelp@=\toks20
\eqnshift@=\dimen148
\alignsep@=\dimen149
\tagshift@=\dimen150
\tagwidth@=\dimen151
\totwidth@=\dimen152
\lineht@=\dimen153
\@envbody=\toks21
\multlinegap=\skip61
\multlinetaggap=\skip62
\mathdisplay@stack=\toks22
LaTeX Info: Redefining \[ on input line 2859.
LaTeX Info: Redefining \] on input line 2860.
)
(/usr/local/texlive/2020/texmf-dist/tex/latex/amsfonts/amssymb.sty
Package: amssymb 2013/01/14 v3.01 AMS font symbols

(/usr/local/texlive/2020/texmf-dist/tex/latex/amsfonts/amsfonts.sty
Package: amsfonts 2013/01/14 v3.01 Basic AMSFonts support
\symAMSa=\mathgroup4
\symAMSb=\mathgroup5
LaTeX Font Info:    Redeclaring math symbol \hbar on input line 98.
LaTeX Font Info:    Overwriting math alphabet `\mathfrak' in version `bold'
(Font)                  U/euf/m/n --> U/euf/b/n on input line 106.
))
(/usr/local/texlive/2020/texmf-dist/tex/latex/tools/dcolumn.sty
Package: dcolumn 2014/10/28 v1.06 decimal alignment package (DPC)

(/usr/local/texlive/2020/texmf-dist/tex/latex/tools/array.sty
Package: array 2019/08/31 v2.4l Tabular extension package (FMi)
\col@sep=\dimen154
\ar@mcellbox=\box49
\extrarowheight=\dimen155
\NC@list=\toks23
\extratabsurround=\skip63
\backup@length=\skip64
\ar@cellbox=\box50
))
(/usr/local/texlive/2020/texmf-dist/tex/latex/tocloft/tocloft.sty
Package: tocloft 2017/08/31 v2.3i parameterised ToC, etc., typesetting
Package tocloft Info: The document has chapter divisions on input line 51.
\cftparskip=\skip65
\cftbeforetoctitleskip=\skip66
\cftaftertoctitleskip=\skip67
\cftbeforepartskip=\skip68
\cftpartnumwidth=\skip69
\cftpartindent=\skip70
\cftbeforechapskip=\skip71
\cftchapindent=\skip72
\cftchapnumwidth=\skip73
\cftbeforesecskip=\skip74
\cftsecindent=\skip75
\cftsecnumwidth=\skip76
\cftbeforesubsecskip=\skip77
\cftsubsecindent=\skip78
\cftsubsecnumwidth=\skip79
\cftbeforesubsubsecskip=\skip80
\cftsubsubsecindent=\skip81
\cftsubsubsecnumwidth=\skip82
\cftbeforeparaskip=\skip83
\cftparaindent=\skip84
\cftparanumwidth=\skip85
\cftbeforesubparaskip=\skip86
\cftsubparaindent=\skip87
\cftsubparanumwidth=\skip88
\cftbeforeloftitleskip=\skip89
\cftafterloftitleskip=\skip90
\cftbeforefigskip=\skip91
\cftfigindent=\skip92
\cftfignumwidth=\skip93
\c@lofdepth=\count192
\c@lotdepth=\count193
\cftbeforelottitleskip=\skip94
\cftafterlottitleskip=\skip95
\cftbeforetabskip=\skip96
\cfttabindent=\skip97
\cfttabnumwidth=\skip98
)
(./asudis.sty
\fiveblanklines=\skip99
\tenblanklines=\skip100
)
(/usr/local/texlive/2020/texmf-dist/tex/latex/hyperref/hyperref.sty
Package: hyperref 2020/01/14 v7.00d Hypertext links for LaTeX

(/usr/local/texlive/2020/texmf-dist/tex/generic/ltxcmds/ltxcmds.sty
Package: ltxcmds 2019/12/15 v1.24 LaTeX kernel commands for general use (HO)
)
(/usr/local/texlive/2020/texmf-dist/tex/latex/pdftexcmds/pdftexcmds.sty
Package: pdftexcmds 2019/11/24 v0.31 Utility functions of pdfTeX for LuaTeX (HO
)

(/usr/local/texlive/2020/texmf-dist/tex/generic/infwarerr/infwarerr.sty
Package: infwarerr 2019/12/03 v1.5 Providing info/warning/error messages (HO)
)
Package pdftexcmds Info: \pdf@primitive is available.
Package pdftexcmds Info: \pdf@ifprimitive is available.
Package pdftexcmds Info: \pdfdraftmode found.
)
(/usr/local/texlive/2020/texmf-dist/tex/generic/kvsetkeys/kvsetkeys.sty
Package: kvsetkeys 2019/12/15 v1.18 Key value parser (HO)
)
(/usr/local/texlive/2020/texmf-dist/tex/generic/kvdefinekeys/kvdefinekeys.sty
Package: kvdefinekeys 2019-12-19 v1.6 Define keys (HO)
)
(/usr/local/texlive/2020/texmf-dist/tex/generic/pdfescape/pdfescape.sty
Package: pdfescape 2019/12/09 v1.15 Implements pdfTeX's escape features (HO)
)
(/usr/local/texlive/2020/texmf-dist/tex/latex/hycolor/hycolor.sty
Package: hycolor 2020-01-27 v1.10 Color options for hyperref/bookmark (HO)
)
(/usr/local/texlive/2020/texmf-dist/tex/latex/letltxmacro/letltxmacro.sty
Package: letltxmacro 2019/12/03 v1.6 Let assignment for LaTeX macros (HO)
)
(/usr/local/texlive/2020/texmf-dist/tex/latex/auxhook/auxhook.sty
Package: auxhook 2019-12-17 v1.6 Hooks for auxiliary files (HO)
)
(/usr/local/texlive/2020/texmf-dist/tex/latex/kvoptions/kvoptions.sty
Package: kvoptions 2019/11/29 v3.13 Key value format for package options (HO)
)
\@linkdim=\dimen156
\Hy@linkcounter=\count194
\Hy@pagecounter=\count195

(/usr/local/texlive/2020/texmf-dist/tex/latex/hyperref/pd1enc.def
File: pd1enc.def 2020/01/14 v7.00d Hyperref: PDFDocEncoding definition (HO)
Now handling font encoding PD1 ...
... no UTF-8 mapping file for font encoding PD1
)
(/usr/local/texlive/2020/texmf-dist/tex/generic/intcalc/intcalc.sty
Package: intcalc 2019/12/15 v1.3 Expandable calculations with integers (HO)
)
(/usr/local/texlive/2020/texmf-dist/tex/generic/etexcmds/etexcmds.sty
Package: etexcmds 2019/12/15 v1.7 Avoid name clashes with e-TeX commands (HO)
)
\Hy@SavedSpaceFactor=\count196
Package hyperref Info: Option `pageanchor' set `true' on input line 4421.
Package hyperref Info: Option `plainpages' set `false' on input line 4421.
Package hyperref Info: Option `pdfpagelabels' set `true' on input line 4421.
Package hyperref Info: Option `bookmarks' set `true' on input line 4421.
Package hyperref Info: Option `bookmarksnumbered' set `true' on input line 4421
.
Package hyperref Info: Hyper figures OFF on input line 4547.
Package hyperref Info: Link nesting OFF on input line 4552.
Package hyperref Info: Hyper index ON on input line 4555.
Package hyperref Info: Plain pages OFF on input line 4562.
Package hyperref Info: Backreferencing OFF on input line 4567.
Package hyperref Info: Implicit mode ON; LaTeX internals redefined.
Package hyperref Info: Bookmarks ON on input line 4800.
\c@Hy@tempcnt=\count197

(/usr/local/texlive/2020/texmf-dist/tex/latex/url/url.sty
\Urlmuskip=\muskip17
Package: url 2013/09/16  ver 3.4  Verb mode for urls, etc.
)
LaTeX Info: Redefining \url on input line 5159.
\XeTeXLinkMargin=\dimen157

(/usr/local/texlive/2020/texmf-dist/tex/generic/bitset/bitset.sty
Package: bitset 2019/12/09 v1.3 Handle bit-vector datatype (HO)

(/usr/local/texlive/2020/texmf-dist/tex/generic/bigintcalc/bigintcalc.sty
Package: bigintcalc 2019/12/15 v1.5 Expandable calculations on big integers (HO
)
))
\Fld@menulength=\count198
\Field@Width=\dimen158
\Fld@charsize=\dimen159
Package hyperref Info: Hyper figures OFF on input line 6430.
Package hyperref Info: Link nesting OFF on input line 6435.
Package hyperref Info: Hyper index ON on input line 6438.
Package hyperref Info: backreferencing OFF on input line 6445.
Package hyperref Info: Link coloring OFF on input line 6450.
Package hyperref Info: Link coloring with OCG OFF on input line 6455.
Package hyperref Info: PDF/A mode OFF on input line 6460.
LaTeX Info: Redefining \ref on input line 6500.
LaTeX Info: Redefining \pageref on input line 6504.

(/usr/local/texlive/2020/texmf-dist/tex/generic/atbegshi/atbegshi.sty
Package: atbegshi 2019/12/05 v1.19 At begin shipout hook (HO)
)
\Hy@abspage=\count199
\c@Item=\count266
\c@Hfootnote=\count267
)
Package hyperref Info: Driver (autodetected): hpdftex.

(/usr/local/texlive/2020/texmf-dist/tex/latex/hyperref/hpdftex.def
File: hpdftex.def 2020/01/14 v7.00d Hyperref driver for pdfTeX

(/usr/local/texlive/2020/texmf-dist/tex/latex/atveryend/atveryend.sty
Package: atveryend 2019-12-11 v1.11 Hooks at the very end of document (HO)
Package atveryend Info: \AP@enddocument detected (standard20110627).
)
\Fld@listcount=\count268
\c@bookmark@seq@number=\count269

(/usr/local/texlive/2020/texmf-dist/tex/latex/rerunfilecheck/rerunfilecheck.sty
Package: rerunfilecheck 2019/12/05 v1.9 Rerun checks for auxiliary files (HO)

(/usr/local/texlive/2020/texmf-dist/tex/generic/uniquecounter/uniquecounter.sty
Package: uniquecounter 2019/12/15 v1.4 Provide unlimited unique counter (HO)
)
Package uniquecounter Info: New unique counter `rerunfilecheck' on input line 2
86.
)
\Hy@SectionHShift=\skip101
) (/usr/local/texlive/2020/texmf-dist/tex/latex/enumitem/enumitem.sty
Package: enumitem 2019/06/20 v3.9 Customized lists
\labelindent=\skip102
\enit@outerparindent=\dimen160
\enit@toks=\toks24
\enit@inbox=\box51
\enit@count@id=\count270
\enitdp@description=\count271
)
(/usr/local/texlive/2020/texmf-dist/tex/latex/graphics/rotating.sty
Package: rotating 2016/08/11 v2.16d rotated objects in LaTeX

(/usr/local/texlive/2020/texmf-dist/tex/latex/base/ifthen.sty
Package: ifthen 2014/09/29 v1.1c Standard LaTeX ifthen package (DPC)
)
\c@r@tfl@t=\count272
\rotFPtop=\skip103
\rotFPbot=\skip104
\rot@float@box=\box52
\rot@mess@toks=\toks25
)
(/usr/local/texlive/2020/texmf-dist/tex/latex/algorithm2e/algorithm2e.sty
Package: algorithm2e 2017/07/18 v5.2 algorithms environments
\c@AlgoLine=\count273
\algocf@hangindent=\skip105

(/usr/local/texlive/2020/texmf-dist/tex/latex/ifoddpage/ifoddpage.sty
Package: ifoddpage 2016/04/23 v1.1 Conditionals for odd/even page detection
\c@checkoddpage=\count274
)
(/usr/local/texlive/2020/texmf-dist/tex/latex/tools/xspace.sty
Package: xspace 2014/10/28 v1.13 Space after command names (DPC,MH)
)
(/usr/local/texlive/2020/texmf-dist/tex/latex/relsize/relsize.sty
Package: relsize 2013/03/29 ver 4.1
)
\skiptotal=\skip106
\skiplinenumber=\skip107
\skiprule=\skip108
\skiphlne=\skip109
\skiptext=\skip110
\skiplength=\skip111
\algomargin=\skip112
\skipalgocfslide=\skip113
\algowidth=\dimen161
\inoutsize=\dimen162
\inoutindent=\dimen163
\interspacetitleruled=\dimen164
\interspacealgoruled=\dimen165
\interspacetitleboxruled=\dimen166
\algocf@ruledwidth=\skip114
\algocf@inoutbox=\box53
\algocf@inputbox=\box54
\AlCapSkip=\skip115
\AlCapHSkip=\skip116
\algoskipindent=\skip117
\algocf@nlbox=\box55
\algocf@hangingbox=\box56
\algocf@untilbox=\box57
\algocf@skipuntil=\skip118
\algocf@capbox=\box58
\algocf@lcaptionbox=\skip119
\algoheightruledefault=\skip120
\algoheightrule=\skip121
\algotitleheightruledefault=\skip122
\algotitleheightrule=\skip123
\c@algocfline=\count275
\c@algocfproc=\count276
\c@algocf=\count277
\algocf@algoframe=\box59
\algocf@algobox=\box60
)
(/usr/local/texlive/2020/texmf-dist/tex/latex/algorithms/algorithmic.sty
Package: algorithmic 2009/08/24 v0.1 Document Style `algorithmic'
\c@ALC@unique=\count278
\c@ALC@line=\count279
\c@ALC@rem=\count280
\c@ALC@depth=\count281
\ALC@tlm=\skip124
\algorithmicindent=\skip125
)
(/usr/local/texlive/2020/texmf-dist/tex/latex/threeparttable/threeparttable.sty

LaTeX Warning: You have requested package `threeparttable/threeparttable',
               but the package provides `threeparttable'.

Package: threeparttable 2003/06/13  v 3.0
\@tempboxb=\box61
) (/usr/local/texlive/2020/texmf-dist/tex/latex/multirow/multirow.sty
Package: multirow 2019/05/31 v2.5 Span multiple rows of a table
\multirow@colwidth=\skip126
\multirow@cntb=\count282
\multirow@dima=\skip127
\bigstrutjot=\dimen167
)
(/usr/local/texlive/2020/texmf-dist/tex/latex/adjustbox/adjustbox.sty
Package: adjustbox 2019/01/04 v1.2 Adjusting TeX boxes (trim, clip, ...)

(/usr/local/texlive/2020/texmf-dist/tex/latex/xkeyval/xkeyval.sty
Package: xkeyval 2014/12/03 v2.7a package option processing (HA)

(/usr/local/texlive/2020/texmf-dist/tex/generic/xkeyval/xkeyval.tex
(/usr/local/texlive/2020/texmf-dist/tex/generic/xkeyval/xkvutils.tex
\XKV@toks=\toks26
\XKV@tempa@toks=\toks27
)
\XKV@depth=\count283
File: xkeyval.tex 2014/12/03 v2.7a key=value parser (HA)
))
(/usr/local/texlive/2020/texmf-dist/tex/latex/adjustbox/adjcalc.sty
Package: adjcalc 2012/05/16 v1.1 Provides advanced setlength with multiple back
-ends (calc, etex, pgfmath)
)
(/usr/local/texlive/2020/texmf-dist/tex/latex/adjustbox/trimclip.sty
Package: trimclip 2018/04/08 v1.1 Trim and clip general TeX material

(/usr/local/texlive/2020/texmf-dist/tex/latex/collectbox/collectbox.sty
Package: collectbox 2012/05/17 v0.4b Collect macro arguments as boxes
\collectedbox=\box62
)
\tc@llx=\dimen168
\tc@lly=\dimen169
\tc@urx=\dimen170
\tc@ury=\dimen171
Package trimclip Info: Using driver 'tc-pdftex.def'.

(/usr/local/texlive/2020/texmf-dist/tex/latex/adjustbox/tc-pdftex.def
File: tc-pdftex.def 2019/01/04 v2.2 Clipping driver for pdftex
))
\adjbox@Width=\dimen172
\adjbox@Height=\dimen173
\adjbox@Depth=\dimen174
\adjbox@Totalheight=\dimen175
\adjbox@pwidth=\dimen176
\adjbox@pheight=\dimen177
\adjbox@pdepth=\dimen178
\adjbox@ptotalheight=\dimen179

(/usr/local/texlive/2020/texmf-dist/tex/latex/varwidth/varwidth.sty
Package: varwidth 2009/03/30 ver 0.92;  Variable-width minipages
\@vwid@box=\box63
\sift@deathcycles=\count284
\@vwid@loff=\dimen180
\@vwid@roff=\dimen181
))
(/usr/local/texlive/2020/texmf-dist/tex/latex/colortbl/colortbl.sty
Package: colortbl 2020/01/04 v1.0e Color table columns (DPC)

(/usr/local/texlive/2020/texmf-dist/tex/latex/graphics/color.sty
Package: color 2019/11/23 v1.2a Standard LaTeX Color (DPC)

(/usr/local/texlive/2020/texmf-dist/tex/latex/graphics-cfg/color.cfg
File: color.cfg 2016/01/02 v1.6 sample color configuration
)
Package color Info: Driver file: pdftex.def on input line 147.
)
\everycr=\toks28
\minrowclearance=\skip128
)
(/usr/local/texlive/2020/texmf-dist/tex/latex/psnfss/pifont.sty
Package: pifont 2005/04/12 PSNFSS-v9.2a Pi font support (SPQR) 
LaTeX Font Info:    Trying to load font information for U+pzd on input line 63.


(/usr/local/texlive/2020/texmf-dist/tex/latex/psnfss/upzd.fd
File: upzd.fd 2001/06/04 font definitions for U/pzd.
)
LaTeX Font Info:    Trying to load font information for U+psy on input line 64.


(/usr/local/texlive/2020/texmf-dist/tex/latex/psnfss/upsy.fd
File: upsy.fd 2001/06/04 font definitions for U/psy.
))
(/usr/local/texlive/2020/texmf-dist/tex/latex/tcolorbox/tcolorbox.sty
Package: tcolorbox 2019/11/15 version 4.22 text color boxes

(/usr/local/texlive/2020/texmf-dist/tex/latex/pgf/basiclayer/pgf.sty
(/usr/local/texlive/2020/texmf-dist/tex/latex/pgf/utilities/pgfrcs.sty
(/usr/local/texlive/2020/texmf-dist/tex/generic/pgf/utilities/pgfutil-common.te
x
\pgfutil@everybye=\toks29
\pgfutil@tempdima=\dimen182
\pgfutil@tempdimb=\dimen183

(/usr/local/texlive/2020/texmf-dist/tex/generic/pgf/utilities/pgfutil-common-li
sts.tex))
(/usr/local/texlive/2020/texmf-dist/tex/generic/pgf/utilities/pgfutil-latex.def
\pgfutil@abb=\box64
(/usr/local/texlive/2020/texmf-dist/tex/latex/ms/everyshi.sty
Package: everyshi 2001/05/15 v3.00 EveryShipout Package (MS)
))
(/usr/local/texlive/2020/texmf-dist/tex/generic/pgf/utilities/pgfrcs.code.tex
(/usr/local/texlive/2020/texmf-dist/tex/generic/pgf/pgf.revision.tex)
Package: pgfrcs 2020/01/08 v3.1.5b (3.1.5b)
))
Package: pgf 2020/01/08 v3.1.5b (3.1.5b)

(/usr/local/texlive/2020/texmf-dist/tex/latex/pgf/basiclayer/pgfcore.sty
(/usr/local/texlive/2020/texmf-dist/tex/latex/pgf/systemlayer/pgfsys.sty
(/usr/local/texlive/2020/texmf-dist/tex/generic/pgf/systemlayer/pgfsys.code.tex
Package: pgfsys 2020/01/08 v3.1.5b (3.1.5b)
(/usr/local/texlive/2020/texmf-dist/tex/generic/pgf/utilities/pgfkeys.code.tex
\pgfkeys@pathtoks=\toks30
\pgfkeys@temptoks=\toks31

(/usr/local/texlive/2020/texmf-dist/tex/generic/pgf/utilities/pgfkeysfiltered.c
ode.tex
\pgfkeys@tmptoks=\toks32
))
\pgf@x=\dimen184
\pgf@y=\dimen185
\pgf@xa=\dimen186
\pgf@ya=\dimen187
\pgf@xb=\dimen188
\pgf@yb=\dimen189
\pgf@xc=\dimen190
\pgf@yc=\dimen191
\pgf@xd=\dimen192
\pgf@yd=\dimen193
\w@pgf@writea=\write3
\r@pgf@reada=\read2
\c@pgf@counta=\count285
\c@pgf@countb=\count286
\c@pgf@countc=\count287
\c@pgf@countd=\count288
\t@pgf@toka=\toks33
\t@pgf@tokb=\toks34
\t@pgf@tokc=\toks35
\pgf@sys@id@count=\count289

(/usr/local/texlive/2020/texmf-dist/tex/generic/pgf/systemlayer/pgf.cfg
File: pgf.cfg 2020/01/08 v3.1.5b (3.1.5b)
)
Driver file for pgf: pgfsys-pdftex.def

(/usr/local/texlive/2020/texmf-dist/tex/generic/pgf/systemlayer/pgfsys-pdftex.d
ef
File: pgfsys-pdftex.def 2020/01/08 v3.1.5b (3.1.5b)

(/usr/local/texlive/2020/texmf-dist/tex/generic/pgf/systemlayer/pgfsys-common-p
df.def
File: pgfsys-common-pdf.def 2020/01/08 v3.1.5b (3.1.5b)
)))
(/usr/local/texlive/2020/texmf-dist/tex/generic/pgf/systemlayer/pgfsyssoftpath.
code.tex
File: pgfsyssoftpath.code.tex 2020/01/08 v3.1.5b (3.1.5b)
\pgfsyssoftpath@smallbuffer@items=\count290
\pgfsyssoftpath@bigbuffer@items=\count291
)
(/usr/local/texlive/2020/texmf-dist/tex/generic/pgf/systemlayer/pgfsysprotocol.
code.tex
File: pgfsysprotocol.code.tex 2020/01/08 v3.1.5b (3.1.5b)
)) (/usr/local/texlive/2020/texmf-dist/tex/latex/xcolor/xcolor.sty
Package: xcolor 2016/05/11 v2.12 LaTeX color extensions (UK)

(/usr/local/texlive/2020/texmf-dist/tex/latex/graphics-cfg/color.cfg
File: color.cfg 2016/01/02 v1.6 sample color configuration
)
Package xcolor Info: Driver file: pdftex.def on input line 225.
LaTeX Info: Redefining \color on input line 709.
Package xcolor Info: Model `cmy' substituted by `cmy0' on input line 1348.
Package xcolor Info: Model `hsb' substituted by `rgb' on input line 1352.
Package xcolor Info: Model `RGB' extended on input line 1364.
Package xcolor Info: Model `HTML' substituted by `rgb' on input line 1366.
Package xcolor Info: Model `Hsb' substituted by `hsb' on input line 1367.
Package xcolor Info: Model `tHsb' substituted by `hsb' on input line 1368.
Package xcolor Info: Model `HSB' substituted by `hsb' on input line 1369.
Package xcolor Info: Model `Gray' substituted by `gray' on input line 1370.
Package xcolor Info: Model `wave' substituted by `hsb' on input line 1371.
)
(/usr/local/texlive/2020/texmf-dist/tex/generic/pgf/basiclayer/pgfcore.code.tex
Package: pgfcore 2020/01/08 v3.1.5b (3.1.5b)
(/usr/local/texlive/2020/texmf-dist/tex/generic/pgf/math/pgfmath.code.tex
(/usr/local/texlive/2020/texmf-dist/tex/generic/pgf/math/pgfmathcalc.code.tex
(/usr/local/texlive/2020/texmf-dist/tex/generic/pgf/math/pgfmathutil.code.tex)
(/usr/local/texlive/2020/texmf-dist/tex/generic/pgf/math/pgfmathparser.code.tex
\pgfmath@dimen=\dimen194
\pgfmath@count=\count292
\pgfmath@box=\box65
\pgfmath@toks=\toks36
\pgfmath@stack@operand=\toks37
\pgfmath@stack@operation=\toks38
)
(/usr/local/texlive/2020/texmf-dist/tex/generic/pgf/math/pgfmathfunctions.code.
tex
(/usr/local/texlive/2020/texmf-dist/tex/generic/pgf/math/pgfmathfunctions.basic
.code.tex)
(/usr/local/texlive/2020/texmf-dist/tex/generic/pgf/math/pgfmathfunctions.trigo
nometric.code.tex)
(/usr/local/texlive/2020/texmf-dist/tex/generic/pgf/math/pgfmathfunctions.rando
m.code.tex)
(/usr/local/texlive/2020/texmf-dist/tex/generic/pgf/math/pgfmathfunctions.compa
rison.code.tex)
(/usr/local/texlive/2020/texmf-dist/tex/generic/pgf/math/pgfmathfunctions.base.
code.tex)
(/usr/local/texlive/2020/texmf-dist/tex/generic/pgf/math/pgfmathfunctions.round
.code.tex)
(/usr/local/texlive/2020/texmf-dist/tex/generic/pgf/math/pgfmathfunctions.misc.
code.tex)
(/usr/local/texlive/2020/texmf-dist/tex/generic/pgf/math/pgfmathfunctions.integ
erarithmetics.code.tex)))
(/usr/local/texlive/2020/texmf-dist/tex/generic/pgf/math/pgfmathfloat.code.tex
\c@pgfmathroundto@lastzeros=\count293
)) (/usr/local/texlive/2020/texmf-dist/tex/generic/pgf/math/pgfint.code.tex)
(/usr/local/texlive/2020/texmf-dist/tex/generic/pgf/basiclayer/pgfcorepoints.co
de.tex
File: pgfcorepoints.code.tex 2020/01/08 v3.1.5b (3.1.5b)
\pgf@picminx=\dimen195
\pgf@picmaxx=\dimen196
\pgf@picminy=\dimen197
\pgf@picmaxy=\dimen198
\pgf@pathminx=\dimen199
\pgf@pathmaxx=\dimen256
\pgf@pathminy=\dimen257
\pgf@pathmaxy=\dimen258
\pgf@xx=\dimen259
\pgf@xy=\dimen260
\pgf@yx=\dimen261
\pgf@yy=\dimen262
\pgf@zx=\dimen263
\pgf@zy=\dimen264
)
(/usr/local/texlive/2020/texmf-dist/tex/generic/pgf/basiclayer/pgfcorepathconst
ruct.code.tex
File: pgfcorepathconstruct.code.tex 2020/01/08 v3.1.5b (3.1.5b)
\pgf@path@lastx=\dimen265
\pgf@path@lasty=\dimen266
)
(/usr/local/texlive/2020/texmf-dist/tex/generic/pgf/basiclayer/pgfcorepathusage
.code.tex
File: pgfcorepathusage.code.tex 2020/01/08 v3.1.5b (3.1.5b)
\pgf@shorten@end@additional=\dimen267
\pgf@shorten@start@additional=\dimen268
)
(/usr/local/texlive/2020/texmf-dist/tex/generic/pgf/basiclayer/pgfcorescopes.co
de.tex
File: pgfcorescopes.code.tex 2020/01/08 v3.1.5b (3.1.5b)
\pgfpic=\box66
\pgf@hbox=\box67
\pgf@layerbox@main=\box68
\pgf@picture@serial@count=\count294
)
(/usr/local/texlive/2020/texmf-dist/tex/generic/pgf/basiclayer/pgfcoregraphicst
ate.code.tex
File: pgfcoregraphicstate.code.tex 2020/01/08 v3.1.5b (3.1.5b)
\pgflinewidth=\dimen269
)
(/usr/local/texlive/2020/texmf-dist/tex/generic/pgf/basiclayer/pgfcoretransform
ations.code.tex
File: pgfcoretransformations.code.tex 2020/01/08 v3.1.5b (3.1.5b)
\pgf@pt@x=\dimen270
\pgf@pt@y=\dimen271
\pgf@pt@temp=\dimen272
)
(/usr/local/texlive/2020/texmf-dist/tex/generic/pgf/basiclayer/pgfcorequick.cod
e.tex
File: pgfcorequick.code.tex 2020/01/08 v3.1.5b (3.1.5b)
)
(/usr/local/texlive/2020/texmf-dist/tex/generic/pgf/basiclayer/pgfcoreobjects.c
ode.tex
File: pgfcoreobjects.code.tex 2020/01/08 v3.1.5b (3.1.5b)
)
(/usr/local/texlive/2020/texmf-dist/tex/generic/pgf/basiclayer/pgfcorepathproce
ssing.code.tex
File: pgfcorepathprocessing.code.tex 2020/01/08 v3.1.5b (3.1.5b)
)
(/usr/local/texlive/2020/texmf-dist/tex/generic/pgf/basiclayer/pgfcorearrows.co
de.tex
File: pgfcorearrows.code.tex 2020/01/08 v3.1.5b (3.1.5b)
\pgfarrowsep=\dimen273
)
(/usr/local/texlive/2020/texmf-dist/tex/generic/pgf/basiclayer/pgfcoreshade.cod
e.tex
File: pgfcoreshade.code.tex 2020/01/08 v3.1.5b (3.1.5b)
\pgf@max=\dimen274
\pgf@sys@shading@range@num=\count295
\pgf@shadingcount=\count296
)
(/usr/local/texlive/2020/texmf-dist/tex/generic/pgf/basiclayer/pgfcoreimage.cod
e.tex
File: pgfcoreimage.code.tex 2020/01/08 v3.1.5b (3.1.5b)

(/usr/local/texlive/2020/texmf-dist/tex/generic/pgf/basiclayer/pgfcoreexternal.
code.tex
File: pgfcoreexternal.code.tex 2020/01/08 v3.1.5b (3.1.5b)
\pgfexternal@startupbox=\box69
))
(/usr/local/texlive/2020/texmf-dist/tex/generic/pgf/basiclayer/pgfcorelayers.co
de.tex
File: pgfcorelayers.code.tex 2020/01/08 v3.1.5b (3.1.5b)
)
(/usr/local/texlive/2020/texmf-dist/tex/generic/pgf/basiclayer/pgfcoretranspare
ncy.code.tex
File: pgfcoretransparency.code.tex 2020/01/08 v3.1.5b (3.1.5b)
)
(/usr/local/texlive/2020/texmf-dist/tex/generic/pgf/basiclayer/pgfcorepatterns.
code.tex
File: pgfcorepatterns.code.tex 2020/01/08 v3.1.5b (3.1.5b)
)
(/usr/local/texlive/2020/texmf-dist/tex/generic/pgf/basiclayer/pgfcorerdf.code.
tex
File: pgfcorerdf.code.tex 2020/01/08 v3.1.5b (3.1.5b)
)))
(/usr/local/texlive/2020/texmf-dist/tex/generic/pgf/modules/pgfmoduleshapes.cod
e.tex
File: pgfmoduleshapes.code.tex 2020/01/08 v3.1.5b (3.1.5b)
\pgfnodeparttextbox=\box70
)
(/usr/local/texlive/2020/texmf-dist/tex/generic/pgf/modules/pgfmoduleplot.code.
tex
File: pgfmoduleplot.code.tex 2020/01/08 v3.1.5b (3.1.5b)
)
(/usr/local/texlive/2020/texmf-dist/tex/latex/pgf/compatibility/pgfcomp-version
-0-65.sty
Package: pgfcomp-version-0-65 2020/01/08 v3.1.5b (3.1.5b)
\pgf@nodesepstart=\dimen275
\pgf@nodesepend=\dimen276
)
(/usr/local/texlive/2020/texmf-dist/tex/latex/pgf/compatibility/pgfcomp-version
-1-18.sty
Package: pgfcomp-version-1-18 2020/01/08 v3.1.5b (3.1.5b)
)) (/usr/local/texlive/2020/texmf-dist/tex/latex/tools/verbatim.sty
Package: verbatim 2019/11/10 v1.5r LaTeX2e package for verbatim enhancements
\every@verbatim=\toks39
\verbatim@line=\toks40
\verbatim@in@stream=\read3
)
(/usr/local/texlive/2020/texmf-dist/tex/latex/environ/environ.sty
Package: environ 2014/05/04 v0.3 A new way to define environments

(/usr/local/texlive/2020/texmf-dist/tex/latex/trimspaces/trimspaces.sty
Package: trimspaces 2009/09/17 v1.1 Trim spaces around a token list
))
(/usr/local/texlive/2020/texmf-dist/tex/latex/etoolbox/etoolbox.sty
Package: etoolbox 2019/09/21 v2.5h e-TeX tools for LaTeX (JAW)
\etb@tempcnta=\count297
)
\tcb@titlebox=\box71
\tcb@upperbox=\box72
\tcb@lowerbox=\box73
\tcb@phantombox=\box74
\c@tcbbreakpart=\count298
\c@tcblayer=\count299
\tcolorbox@number=\count300
\tcb@temp=\box75
\tcb@temp=\box76
\tcb@temp=\box77
\tcb@temp=\box78
\tcb@out=\write4
\tcb@record@out=\write5
)
(/usr/local/texlive/2020/texmf-dist/tex/latex/pdflscape/pdflscape.sty
Package: pdflscape 2019/12/05 v0.12 Display of landscape pages in PDF (HO)

(/usr/local/texlive/2020/texmf-dist/tex/latex/graphics/lscape.sty
Package: lscape 2000/10/22 v3.01 Landscape Pages (DPC)
)
Package pdflscape Info: Auto-detected driver: pdftex on input line 81.
)
(/usr/local/texlive/2020/texmf-dist/tex/latex/sttools/floatpag.sty
Package: floatpag 2012/05/29 v1.1 Different pagestyles on float pages
Package: floatpag 1999/04/29 FLOAT PAGESTYLE
)
(/usr/local/texlive/2020/texmf-dist/tex/latex/l3backend/l3backend-pdfmode.def
File: l3backend-pdfmode.def 2020-03-12 L3 backend support: PDF mode
\l__kernel_color_stack_int=\count301
\l__pdf_internal_box=\box79
)
(./dis.aux (./abstract.aux) (./ack.aux) (./chapter1.aux) (./chapter2.aux)
(./chapter3.aux) (./chapter4.aux) (./chapter5.aux) (./chapter6.aux)
(./chapter7.aux) (./appendix1.aux) (./appendix2.aux) (./vita.aux))
\openout1 = `dis.aux'.

LaTeX Font Info:    Checking defaults for OML/cmm/m/it on input line 70.
LaTeX Font Info:    ... okay on input line 70.
LaTeX Font Info:    Checking defaults for OMS/cmsy/m/n on input line 70.
LaTeX Font Info:    ... okay on input line 70.
LaTeX Font Info:    Checking defaults for OT1/cmr/m/n on input line 70.
LaTeX Font Info:    ... okay on input line 70.
LaTeX Font Info:    Checking defaults for T1/cmr/m/n on input line 70.
LaTeX Font Info:    ... okay on input line 70.
LaTeX Font Info:    Checking defaults for TS1/cmr/m/n on input line 70.
LaTeX Font Info:    ... okay on input line 70.
LaTeX Font Info:    Checking defaults for OMX/cmex/m/n on input line 70.
LaTeX Font Info:    ... okay on input line 70.
LaTeX Font Info:    Checking defaults for U/cmr/m/n on input line 70.
LaTeX Font Info:    ... okay on input line 70.
LaTeX Font Info:    Checking defaults for PD1/pdf/m/n on input line 70.
LaTeX Font Info:    ... okay on input line 70.

*geometry* driver: auto-detecting
*geometry* detected driver: pdftex
*geometry* verbose mode - [ preamble ] result:
* driver: pdftex
* paper: letterpaper
* layout: <same size as paper>
* layoutoffset:(h,v)=(0.0pt,0.0pt)
* modes: includefoot 
* h-part:(L,W,R)=(90.3375pt, 433.62001pt, 90.3375pt)
* v-part:(T,H,B)=(72.26999pt, 650.43pt, 72.27pt)
* \paperwidth=614.295pt
* \paperheight=794.96999pt
* \textwidth=433.62001pt
* \textheight=620.43pt
* \oddsidemargin=18.0675pt
* \evensidemargin=18.0675pt
* \topmargin=-37.0pt
* \headheight=12.0pt
* \headsep=25.0pt
* \topskip=12.0pt
* \footskip=30.0pt
* \marginparwidth=44.0pt
* \marginparsep=10.0pt
* \columnsep=10.0pt
* \skip\footins=10.8pt plus 4.0pt minus 2.0pt
* \hoffset=0.0pt
* \voffset=0.0pt
* \mag=1000
* \@twocolumnfalse
* \@twosidefalse
* \@mparswitchfalse
* \@reversemarginfalse
* (1in=72.27pt=25.4mm, 1cm=28.453pt)

(/usr/local/texlive/2020/texmf-dist/tex/context/base/mkii/supp-pdf.mkii
[Loading MPS to PDF converter (version 2006.09.02).]
\scratchcounter=\count302
\scratchdimen=\dimen277
\scratchbox=\box80
\nofMPsegments=\count303
\nofMParguments=\count304
\everyMPshowfont=\toks41
\MPscratchCnt=\count305
\MPscratchDim=\dimen278
\MPnumerator=\count306
\makeMPintoPDFobject=\count307
\everyMPtoPDFconversion=\toks42
) (/usr/local/texlive/2020/texmf-dist/tex/latex/epstopdf-pkg/epstopdf-base.sty
Package: epstopdf-base 2020-01-24 v2.11 Base part for package epstopdf
Package epstopdf-base Info: Redefining graphics rule for `.eps' on input line 4
85.

(/usr/local/texlive/2020/texmf-dist/tex/latex/latexconfig/epstopdf-sys.cfg
File: epstopdf-sys.cfg 2010/07/13 v1.3 Configuration of (r)epstopdf for TeX Liv
e
))
\AtBeginShipoutBox=\box81
Package hyperref Info: Link coloring OFF on input line 70.

(/usr/local/texlive/2020/texmf-dist/tex/latex/hyperref/nameref.sty
Package: nameref 2019/09/16 v2.46 Cross-referencing by name of section

(/usr/local/texlive/2020/texmf-dist/tex/latex/refcount/refcount.sty
Package: refcount 2019/12/15 v3.6 Data extraction from label references (HO)
)
(/usr/local/texlive/2020/texmf-dist/tex/generic/gettitlestring/gettitlestring.s
ty
Package: gettitlestring 2019/12/15 v1.6 Cleanup title references (HO)
)
\c@section@level=\count308
)
LaTeX Info: Redefining \ref on input line 70.
LaTeX Info: Redefining \pageref on input line 70.
LaTeX Info: Redefining \nameref on input line 70.
 (./dis.out) (./dis.out)
\@outlinefile=\write6
\openout6 = `dis.out'.

 ABD: EveryShipout initializing macros [1

{/usr/local/texlive/2020/texmf-var/fonts/map/pdftex/updmap/pdftex.map}]
\openout2 = `abstract.aux'.

 (./abstract.texpdfTeX warning (ext4): destination with the same identifier (na
me{page.i}) has been already used, duplicate ignored
<to be read again> 
                   \relax 
l.5 \end{abstract}
                   [1


])
\openout2 = `ack.aux'.

 (./ack.tex [2



] [3] [4])

Package geometry Warning: `letterpaper': not available in `\newgeometry'; skipp
ed.

*geometry* verbose mode - [ newgeometry ] result:
* driver: pdftex
* paper: letterpaper
* layout: <same size as paper>
* layoutoffset:(h,v)=(0.0pt,0.0pt)
* modes: includehead includefoot 
* h-part:(L,W,R)=(90.3375pt, 433.62001pt, 90.3375pt)
* v-part:(T,H,B)=(72.26999pt, 650.43pt, 72.27pt)
* \paperwidth=614.295pt
* \paperheight=794.96999pt
* \textwidth=433.62001pt
* \textheight=583.43pt
* \oddsidemargin=18.0675pt
* \evensidemargin=18.0675pt
* \topmargin=0.0pt
* \headheight=12.0pt
* \headsep=25.0pt
* \topskip=12.0pt
* \footskip=30.0pt
* \marginparwidth=44.0pt
* \marginparsep=10.0pt
* \columnsep=10.0pt
* \skip\footins=10.8pt plus 4.0pt minus 2.0pt
* \hoffset=0.0pt
* \voffset=0.0pt
* \mag=1000
* \@twocolumnfalse
* \@twosidefalse
* \@mparswitchfalse
* \@reversemarginfalse
* (1in=72.27pt=25.4mm, 1cm=28.453pt)

(./dis.toc
LaTeX Font Info:    Trying to load font information for U+msa on input line 2.
 (/usr/local/texlive/2020/texmf-dist/tex/latex/amsfonts/umsa.fd
File: umsa.fd 2013/01/14 v3.01 AMS symbols A
)
LaTeX Font Info:    Trying to load font information for U+msb on input line 2.

(/usr/local/texlive/2020/texmf-dist/tex/latex/amsfonts/umsb.fd
File: umsb.fd 2013/01/14 v3.01 AMS symbols B
)

Package Fancyhdr Warning: \headheight is too small (12.0pt): 
Make it at least 14.49998pt.
We now make it that large for the rest of the document.
This may cause the page layout to be inconsistent, however.

[5



] [6] [7])
\tf@toc=\write7
\openout7 = `dis.toc'.

 [8]

Package geometry Warning: `letterpaper': not available in `\newgeometry'; skipp
ed.

*geometry* verbose mode - [ newgeometry ] result:
* driver: pdftex
* paper: letterpaper
* layout: <same size as paper>
* layoutoffset:(h,v)=(0.0pt,0.0pt)
* modes: includehead includefoot 
* h-part:(L,W,R)=(90.3375pt, 433.62001pt, 90.3375pt)
* v-part:(T,H,B)=(72.26999pt, 650.43pt, 72.27pt)
* \paperwidth=614.295pt
* \paperheight=794.96999pt
* \textwidth=433.62001pt
* \textheight=583.43pt
* \oddsidemargin=18.0675pt
* \evensidemargin=18.0675pt
* \topmargin=0.0pt
* \headheight=12.0pt
* \headsep=25.0pt
* \topskip=12.0pt
* \footskip=30.0pt
* \marginparwidth=44.0pt
* \marginparsep=10.0pt
* \columnsep=10.0pt
* \skip\footins=10.8pt plus 4.0pt minus 2.0pt
* \hoffset=0.0pt
* \voffset=0.0pt
* \mag=1000
* \@twocolumnfalse
* \@twosidefalse
* \@mparswitchfalse
* \@reversemarginfalse
* (1in=72.27pt=25.4mm, 1cm=28.453pt)

(./dis.lot)
\tf@lot=\write8
\openout8 = `dis.lot'.

 [9



]

Package geometry Warning: `letterpaper': not available in `\newgeometry'; skipp
ed.

*geometry* verbose mode - [ newgeometry ] result:
* driver: pdftex
* paper: letterpaper
* layout: <same size as paper>
* layoutoffset:(h,v)=(0.0pt,0.0pt)
* modes: includehead includefoot 
* h-part:(L,W,R)=(90.3375pt, 433.62001pt, 90.3375pt)
* v-part:(T,H,B)=(72.26999pt, 650.43pt, 72.27pt)
* \paperwidth=614.295pt
* \paperheight=794.96999pt
* \textwidth=433.62001pt
* \textheight=583.43pt
* \oddsidemargin=18.0675pt
* \evensidemargin=18.0675pt
* \topmargin=0.0pt
* \headheight=12.0pt
* \headsep=25.0pt
* \topskip=12.0pt
* \footskip=30.0pt
* \marginparwidth=44.0pt
* \marginparsep=10.0pt
* \columnsep=10.0pt
* \skip\footins=10.8pt plus 4.0pt minus 2.0pt
* \hoffset=0.0pt
* \voffset=0.0pt
* \mag=1000
* \@twocolumnfalse
* \@twosidefalse
* \@mparswitchfalse
* \@reversemarginfalse
* (1in=72.27pt=25.4mm, 1cm=28.453pt)

(./dis.lof [10



])
\tf@lof=\write9
\openout9 = `dis.lof'.



Package Fancyhdr Warning: \headheight is too small (12.0pt): 
Make it at least 14.49998pt.
We now make it that large for the rest of the document.
This may cause the page layout to be inconsistent, however.

[11]
\openout2 = `chapter1.aux'.

 (./chapter1.tex
Chapter 1.
<Figures/CH1/fig_hypothesis.pdf, id=631, 764.8575pt x 305.14pt>
File: Figures/CH1/fig_hypothesis.pdf Graphic file (type pdf)
<use Figures/CH1/fig_hypothesis.pdf>
Package pdftex.def Info: Figures/CH1/fig_hypothesis.pdf  used on input line 15.

(pdftex.def)             Requested size: 433.62001pt x 172.99107pt.
[1




] [2 <./Figures/CH1/fig_hypothesis.pdf>]
<Figures/CH1/fig_annotation_types.pdf, id=685, 1384.17125pt x 534.99875pt>
File: Figures/CH1/fig_annotation_types.pdf Graphic file (type pdf)
<use Figures/CH1/fig_annotation_types.pdf>
Package pdftex.def Info: Figures/CH1/fig_annotation_types.pdf  used on input li
ne 40.
(pdftex.def)             Requested size: 433.62001pt x 167.59486pt.
 [3] [4 <./Figures/CH1/fig_annotation_types.pdf>] [5] [6] [7] [8]) [9]
\openout2 = `chapter2.aux'.

 (./chapter2.tex
Chapter 2.
[10



] [11] [12] [13] [14] [15] [16] [17] [18] [19] [20]
Overfull \hbox (5.64719pt too wide) in paragraph at lines 82--83
\OT1/cmr/m/n/12 ap-praise the wor-thi-ness of an-no-tat-ing a sam-ple from two 
dif-fer-ent as-pects. Uncertainty-
 []

[21] [22] [23] [24] [25] [26])
Overfull \hbox (0.33798pt too wide) in paragraph at lines 128--120
\OT1/cmr/m/n/12 Aiming at learn-ing im-age rep-re-sen-ta-tion from unan-no-tate
d data, self-supervised learn-
 []

[27] [28]
\openout2 = `chapter3.aux'.

 (./chapter3.tex
Chapter 3.
[29



] [30]
<Figures/CH3/fig_result_highlights.pdf, id=1285, 1274.7625pt x 443.6575pt>
File: Figures/CH3/fig_result_highlights.pdf Graphic file (type pdf)
<use Figures/CH3/fig_result_highlights.pdf>
Package pdftex.def Info: Figures/CH3/fig_result_highlights.pdf  used on input l
ine 40.
(pdftex.def)             Requested size: 589.40659pt x 205.12744pt.
LaTeX Font Info:    Trying to load font information for OMS+cmr on input line 7
3.
 (/usr/local/texlive/2020/texmf-dist/tex/latex/base/omscmr.fd
File: omscmr.fd 2019/12/16 v2.5j Standard LaTeX font definitions
)
LaTeX Font Info:    Font shape `OMS/cmr/m/n' in size <10> not available
(Font)              Font shape `OMS/cmsy/m/n' tried instead on input line 73.

[31] [32 <./Figures/CH3/fig_result_highlights.pdf>] [33] [34]
<Figures/CH3/fig_data_augumentation.pdf, id=1379, 2224.31pt x 637.38126pt>
File: Figures/CH3/fig_data_augumentation.pdf Graphic file (type pdf)
<use Figures/CH3/fig_data_augumentation.pdf>
Package pdftex.def Info: Figures/CH3/fig_data_augumentation.pdf  used on input 
line 151.
(pdftex.def)             Requested size: 620.43pt x 177.78473pt.
 [35] [36 <./Figures/CH3/fig_data_augumentation.pdf>] [37] [38]
Overfull \hbox (2.31766pt too wide) in paragraph at lines 217--241
 [] 
 []

<Figures/CH3/fig_hypothsis_pattern.pdf, id=1463, 709.65125pt x 757.83125pt>
File: Figures/CH3/fig_hypothsis_pattern.pdf Graphic file (type pdf)
<use Figures/CH3/fig_hypothsis_pattern.pdf>
Package pdftex.def Info: Figures/CH3/fig_hypothsis_pattern.pdf  used on input l
ine 253.
(pdftex.def)             Requested size: 303.53267pt x 324.14967pt.
[39] [40 <./Figures/CH3/fig_hypothsis_pattern.pdf>] [41]
<Figures/CH3/fig_selection_approaches_comparison_alexnet.pdf, id=1507, 885.3075
pt x 337.26pt>
File: Figures/CH3/fig_selection_approaches_comparison_alexnet.pdf Graphic file 
(type pdf)
<use Figures/CH3/fig_selection_approaches_comparison_alexnet.pdf>
Package pdftex.def Info: Figures/CH3/fig_selection_approaches_comparison_alexne
t.pdf  used on input line 290.
(pdftex.def)             Requested size: 620.43pt x 236.36856pt.
<Figures/CH3/fig_selection_approaches_comparison_googlenet.pdf, id=1510, 885.30
75pt x 293.095pt>
File: Figures/CH3/fig_selection_approaches_comparison_googlenet.pdf Graphic fil
e (type pdf)
<use Figures/CH3/fig_selection_approaches_comparison_googlenet.pdf>
Package pdftex.def Info: Figures/CH3/fig_selection_approaches_comparison_google
net.pdf  used on input line 308.
(pdftex.def)             Requested size: 620.43pt x 205.41553pt.
 [42] [43 <./Figures/CH3/fig_selection_approaches_comparison_alexnet.pdf>] [44 
<./Figures/CH3/fig_selection_approaches_comparison_googlenet.pdf>] [45]

Package hyperref Warning: Token not allowed in a PDF string (PDFDocEncoding):
(hyperref)                removing `math shift' on input line 379.


Package hyperref Warning: Token not allowed in a PDF string (PDFDocEncoding):
(hyperref)                removing `math shift' on input line 379.

[46] [47]
<Figures/CH3/fig_predicted_distribution.pdf, id=1621, 980.66376pt x 343.2825pt>

File: Figures/CH3/fig_predicted_distribution.pdf Graphic file (type pdf)
<use Figures/CH3/fig_predicted_distribution.pdf>
Package pdftex.def Info: Figures/CH3/fig_predicted_distribution.pdf  used on in
put line 404.
(pdftex.def)             Requested size: 620.43pt x 217.18576pt.
 [48] [49 <./Figures/CH3/fig_predicted_distribution.pdf>] [50]
<Figures/CH3/fig_balance_ratio.pdf, id=1671, 958.58125pt x 454.69875pt>
File: Figures/CH3/fig_balance_ratio.pdf Graphic file (type pdf)
<use Figures/CH3/fig_balance_ratio.pdf>
Package pdftex.def Info: Figures/CH3/fig_balance_ratio.pdf  used on input line 
444.
(pdftex.def)             Requested size: 390.25536pt x 185.11638pt.

[51] [52 <./Figures/CH3/fig_balance_ratio.pdf>]
<Figures/CH3/fig_label_reuse.pdf, id=1710, 629.35126pt x 546.04pt>
File: Figures/CH3/fig_label_reuse.pdf Graphic file (type pdf)
<use Figures/CH3/fig_label_reuse.pdf>
Package pdftex.def Info: Figures/CH3/fig_label_reuse.pdf  used on input line 46
1.
(pdftex.def)             Requested size: 325.215pt x 282.15941pt.
 [53 <./Figures/CH3/fig_label_reuse.pdf>] [54] [55] [56] [57] [58] [59]) [60]
\openout2 = `chapter4.aux'.

 (./chapter4.tex
Chapter 4.

Overfull \hbox (3.44168pt too wide) in paragraph at lines 6--7
[]\OT1/cmr/m/n/12 Zhou, Z., Rah-man Sid-diquee M. M., Tajbakhsh, N., & Liang, J
. (2018). Unet++:
 []


Overfull \hbox (3.44168pt too wide) in paragraph at lines 7--8
[]\OT1/cmr/m/n/12 Zhou, Z., Rah-man Sid-diquee M. M., Tajbakhsh, N., & Liang, J
. (2019). Unet++:
 []

[61



] [62] [63]
<Figures/CH4/fig_architecture_evolution.pdf, id=2012, 3134.71124pt x 466.74374p
t>
File: Figures/CH4/fig_architecture_evolution.pdf Graphic file (type pdf)
<use Figures/CH4/fig_architecture_evolution.pdf>
Package pdftex.def Info: Figures/CH4/fig_architecture_evolution.pdf  used on in
put line 48.
(pdftex.def)             Requested size: 620.43pt x 92.37851pt.
 [64] [65 <./Figures/CH4/fig_architecture_evolution.pdf>]
[66] [67] [68]
<Figures/CH4/fig_pruned_structure.pdf, id=2111, 1952.29375pt x 394.47375pt>
File: Figures/CH4/fig_pruned_structure.pdf Graphic file (type pdf)
<use Figures/CH4/fig_pruned_structure.pdf>
Package pdftex.def Info: Figures/CH4/fig_pruned_structure.pdf  used on input li
ne 128.
(pdftex.def)             Requested size: 433.62001pt x 87.61513pt.
 [69 <./Figures/CH4/fig_pruned_structure.pdf>] [70] [71]
Overfull \hbox (6.74367pt too wide) in paragraph at lines 214--214
 []|[]| 
 []


Overfull \hbox (0.99797pt too wide) in paragraph at lines 214--214
 []|[]| 
 []


Overfull \hbox (6.74367pt too wide) in paragraph at lines 214--214
 []|[]| 
 []


Overfull \hbox (0.99797pt too wide) in paragraph at lines 214--214
 []|[]| 
 []

<Figures/CH4/fig_various_backbones.pdf, id=2160, 1196.47pt x 458.71375pt>
File: Figures/CH4/fig_various_backbones.pdf Graphic file (type pdf)
<use Figures/CH4/fig_various_backbones.pdf>
Package pdftex.def Info: Figures/CH4/fig_various_backbones.pdf  used on input l
ine 244.
(pdftex.def)             Requested size: 620.43pt x 237.86758pt.

Overfull \hbox (17.33058pt too wide) in paragraph at lines 261--263
\OMS/cmsy/m/n/12 "$\OT1/cmr/m/n/12 1.86$\OMS/cmsy/m/n/12 ^^F$\OT1/cmr/m/n/12 0.
81), liver [][][]  ($\OMS/cmsy/m/n/12 "$\OT1/cmr/m/n/12 2.62$\OMS/cmsy/m/n/12 ^
^F$\OT1/cmr/m/n/12 0.09, $\OMS/cmsy/m/n/12 "$\OT1/cmr/m/n/12 2.26$\OMS/cmsy/m/n
/12 ^^F$\OT1/cmr/m/n/12 0.02), and lung nod-ule ($\OMS/cmsy/m/n/12 "$\OT1/cmr/m
/n/12 5.06$\OMS/cmsy/m/n/12 ^^F$\OT1/cmr/m/n/12 1.42, $\OMS/cmsy/m/n/12 "$\OT1/
cmr/m/n/12 3.12$\OMS/cmsy/m/n/12 ^^F$\OT1/cmr/m/n/12 0.88)
 []

[72] [73] [74 <./Figures/CH4/fig_various_backbones.pdf>]
<Figures/CH4/fig_qualitative_comparison.pdf, id=2202, 736.7525pt x 1085.05376pt
>
File: Figures/CH4/fig_qualitative_comparison.pdf Graphic file (type pdf)
<use Figures/CH4/fig_qualitative_comparison.pdf>
Package pdftex.def Info: Figures/CH4/fig_qualitative_comparison.pdf  used on in
put line 274.
(pdftex.def)             Requested size: 260.17465pt x 383.1686pt.
 [75] [76 <./Figures/CH4/fig_qualitative_comparison.pdf>]
<Figures/CH4/fig_inference_time.pdf, id=2267, 943.525pt x 505.89pt>
File: Figures/CH4/fig_inference_time.pdf Graphic file (type pdf)
<use Figures/CH4/fig_inference_time.pdf>
Package pdftex.def Info: Figures/CH4/fig_inference_time.pdf  used on input line
 326.
(pdftex.def)             Requested size: 346.89732pt x 185.99532pt.
 [77 <./Figures/CH4/fig_inference_time.pdf>]
<Figures/CH4/fig_isolated_embedded.pdf, id=2294, 935.495pt x 619.31375pt>
File: Figures/CH4/fig_isolated_embedded.pdf Graphic file (type pdf)
<use Figures/CH4/fig_isolated_embedded.pdf>
Package pdftex.def Info: Figures/CH4/fig_isolated_embedded.pdf  used on input l
ine 344.
(pdftex.def)             Requested size: 346.89732pt x 229.6528pt.

[78]
<Figures/CH4/fig_physical_real_brain_tumor_size_stat.pdf, id=2302, 1009.7725pt 
x 488.82625pt>
File: Figures/CH4/fig_physical_real_brain_tumor_size_stat.pdf Graphic file (typ
e pdf)
<use Figures/CH4/fig_physical_real_brain_tumor_size_stat.pdf>
Package pdftex.def Info: Figures/CH4/fig_physical_real_brain_tumor_size_stat.pd
f  used on input line 364.
(pdftex.def)             Requested size: 368.57965pt x 178.42381pt.
 [79 <./Figures/CH4/fig_isolated_embedded.pdf>]
<Figures/CH4/fig_feature_map_aggregation_brats.pdf, id=2330, 1058.95625pt x 387
.4475pt>
File: Figures/CH4/fig_feature_map_aggregation_brats.pdf Graphic file (type pdf)

<use Figures/CH4/fig_feature_map_aggregation_brats.pdf>
Package pdftex.def Info: Figures/CH4/fig_feature_map_aggregation_brats.pdf  use
d on input line 388.
(pdftex.def)             Requested size: 620.43pt x 227.00172pt.
<Figures/CH4/fig_learning_curves.pdf, id=2331, 1746.525pt x 1052.93375pt>
File: Figures/CH4/fig_learning_curves.pdf Graphic file (type pdf)
<use Figures/CH4/fig_learning_curves.pdf>
Package pdftex.def Info: Figures/CH4/fig_learning_curves.pdf  used on input lin
e 402.
(pdftex.def)             Requested size: 433.62001pt x 261.41728pt.
 [80 <./Figures/CH4/fig_physical_real_brain_tumor_size_stat.pdf>] [81 <./Figure
s/CH4/fig_feature_map_aggregation_brats.pdf>] [82 <./Figures/CH4/fig_learning_c
urves.pdf>] [83] [84])
[85]
\openout2 = `chapter5.aux'.

 (./chapter5.tex
Chapter 5.
[86



] [87] [88]
Overfull \hbox (1.85368pt too wide) in paragraph at lines 64--64
[]|\OT1/cmr/m/n/10 Code$[]$| 
 []

<Figures/CH5/fig_genesis_method.pdf, id=2545, 1625.07124pt x 437.635pt>
File: Figures/CH5/fig_genesis_method.pdf Graphic file (type pdf)
<use Figures/CH5/fig_genesis_method.pdf>
Package pdftex.def Info: Figures/CH5/fig_genesis_method.pdf  used on input line
 93.
(pdftex.def)             Requested size: 620.43pt x 167.07764pt.
<Figures/CH5/fig_transformations.pdf, id=2546, 1323.74554pt x 465.4188pt>
File: Figures/CH5/fig_transformations.pdf Graphic file (type pdf)
<use Figures/CH5/fig_transformations.pdf>
Package pdftex.def Info: Figures/CH5/fig_transformations.pdf  used on input lin
e 113.
(pdftex.def)             Requested size: 558.3832pt x 196.32675pt.
[89] [90] [91 <./Figures/CH5/fig_genesis_method.pdf>] [92 <./Figures/CH5/fig_tr
ansformations.pdf>] [93] [94] [95] [96] [97] [98]
<Figures/CH5/fig_combined_vs_individuals.pdf, id=2798, 1032.25653pt x 374.59952
pt>
File: Figures/CH5/fig_combined_vs_individuals.pdf Graphic file (type pdf)
<use Figures/CH5/fig_combined_vs_individuals.pdf>
Package pdftex.def Info: Figures/CH5/fig_combined_vs_individuals.pdf  used on i
nput line 229.
(pdftex.def)             Requested size: 558.3832pt x 202.6294pt.
 [99] [100 <./Figures/CH5/fig_combined_vs_individuals.pdf>] [101]
<Figures/CH5/fig_among_scratch.pdf, id=2831, 920.47888pt x 234.3957pt>
File: Figures/CH5/fig_among_scratch.pdf Graphic file (type pdf)
<use Figures/CH5/fig_among_scratch.pdf>
Package pdftex.def Info: Figures/CH5/fig_among_scratch.pdf  used on input line 
257.
(pdftex.def)             Requested size: 558.3832pt x 142.19432pt.
<Figures/CH5/fig_learning_curve.pdf, id=2832, 933.24661pt x 260.17201pt>
File: Figures/CH5/fig_learning_curve.pdf Graphic file (type pdf)
<use Figures/CH5/fig_learning_curve.pdf>
Package pdftex.def Info: Figures/CH5/fig_learning_curve.pdf  used on input line
 275.
(pdftex.def)             Requested size: 620.43pt x 172.9725pt.
 [102] [103 <./Figures/CH5/fig_among_scratch.pdf>] [104 <./Figures/CH5/fig_lear
ning_curve.pdf>] [105] [106] [107]
<Figures/CH5/fig_annotation_cost.pdf, id=2938, 889.8846pt x 312.4473pt>
File: Figures/CH5/fig_annotation_cost.pdf Graphic file (type pdf)
<use Figures/CH5/fig_annotation_cost.pdf>
Package pdftex.def Info: Figures/CH5/fig_annotation_cost.pdf  used on input lin
e 370.
(pdftex.def)             Requested size: 620.43pt x 217.83914pt.
 [108]
[109 <./Figures/CH5/fig_annotation_cost.pdf>] [110]
<Figures/CH5/fig_3d_vs_2d.pdf, id=2971, 1517.67pt x 532.99126pt>
File: Figures/CH5/fig_3d_vs_2d.pdf Graphic file (type pdf)
<use Figures/CH5/fig_3d_vs_2d.pdf>
Package pdftex.def Info: Figures/CH5/fig_3d_vs_2d.pdf  used on input line 398.
(pdftex.def)             Requested size: 620.43pt x 217.89348pt.
 [111] [112 <./Figures/CH5/fig_3d_vs_2d.pdf>] [113] [114] [115] [116] [117]
<Figures/CH5/fig_losses.pdf, id=3099, 895.42532pt x 237.76831pt>
File: Figures/CH5/fig_losses.pdf Graphic file (type pdf)
<use Figures/CH5/fig_losses.pdf>
Package pdftex.def Info: Figures/CH5/fig_losses.pdf  used on input line 486.
(pdftex.def)             Requested size: 558.3832pt x 148.27829pt.
 [118]
<Figures/CH5/fig_image_restoration.pdf, id=3108, 743.41742pt x 512.1534pt>
File: Figures/CH5/fig_image_restoration.pdf Graphic file (type pdf)
<use Figures/CH5/fig_image_restoration.pdf>
Package pdftex.def Info: Figures/CH5/fig_image_restoration.pdf  used on input l
ine 500.
(pdftex.def)             Requested size: 433.62001pt x 298.72935pt.
 [119] [120 <./Figures/CH5/fig_losses.pdf>] [121 <./Figures/CH5/fig_image_resto
ration.pdf>] [122])
[123]
\openout2 = `chapter6.aux'.

 (./chapter6.tex
Chapter 6.
[124



]
Overfull \hbox (0.18636pt too wide) in paragraph at lines 15--16
[]\OT1/cmr/m/it/12 Medical im-ages pos-sess high di-men-sion-al-ity. \OT1/cmr/m
/n/12 Cross-sectional imag-ing tech-niques,
 []

[125] [126] [127] [128] [129] [130] [131] [132]
<Figures/CH6/fig_pe_visualization.pdf, id=3251, 811.03pt x 349.305pt>
File: Figures/CH6/fig_pe_visualization.pdf Graphic file (type pdf)
<use Figures/CH6/fig_pe_visualization.pdf>
Package pdftex.def Info: Figures/CH6/fig_pe_visualization.pdf  used on input li
ne 70.
(pdftex.def)             Requested size: 433.62001pt x 186.76173pt.
 [133 <./Figures/CH6/fig_pe_visualization.pdf>] [134] [135] [136] [137]
<Figures/CH6/fig_pe_cad.pdf, id=3394, 1730.465pt x 445.665pt>
File: Figures/CH6/fig_pe_cad.pdf Graphic file (type pdf)
<use Figures/CH6/fig_pe_cad.pdf>
Package pdftex.def Info: Figures/CH6/fig_pe_cad.pdf  used on input line 152.
(pdftex.def)             Requested size: 620.43pt x 159.78644pt.
 [138] [139 <./Figures/CH6/fig_pe_cad.pdf>] [140] [141]) [142]
\openout2 = `chapter7.aux'.

 (./chapter7.tex
Chapter 7.
[143



] [144]) [145] (./dis.bbl [146

] [147] [148] [149] [150] [151] [152]
[153] [154] [155] [156] [157] [158] [159] [160] [161] [162] [163] [164]
[165] [166] [167] [168]
Underfull \hbox (badness 1005) in paragraph at lines 1608--1610
[]\OT1/cmr/m/n/12 Zhang, Y. and Q. Yang, ``A sur-vey on multi-task learn-ing'',
 arXiv preprint
 []

[169] [170]) [171]
\openout2 = `appendix1.aux'.

 (./appendix1.tex
Appendix A.
[172


]
<Figures/AP1/fig_dataset_annotation.pdf, id=3668, 1456.44125pt x 664.4825pt>
File: Figures/AP1/fig_dataset_annotation.pdf Graphic file (type pdf)
<use Figures/AP1/fig_dataset_annotation.pdf>
Package pdftex.def Info: Figures/AP1/fig_dataset_annotation.pdf  used on input 
line 23.
(pdftex.def)             Requested size: 620.43pt x 283.0553pt.
 [173] [174 <./Figures/AP1/fig_dataset_annotation.pdf>] [175] [176]
[177] [178]
Overfull \hbox (6.62592pt too wide) in paragraph at lines 101--102
[]\OT1/cmr/m/n/12 The dataset is pro-vided by BraTS 2013 ([]Kistler \OT1/cmr/m/
it/12 et al.[]\OT1/cmr/m/n/12 , []2013[]) and BraTS 2018 ([]Menze
 []

[179]) [180] [181]
\openout2 = `appendix2.aux'.

 (./appendix2.tex
Appendix B.
[182



] [183] [184] [185] [186] [187]
<Figures/AP2/fig_innercutout_inpainting.pdf, id=3986, 944.52875pt x 343.2825pt>

File: Figures/AP2/fig_innercutout_inpainting.pdf Graphic file (type pdf)
<use Figures/AP2/fig_innercutout_inpainting.pdf>
Package pdftex.def Info: Figures/AP2/fig_innercutout_inpainting.pdf  used on in
put line 71.
(pdftex.def)             Requested size: 433.62001pt x 157.59756pt.
 [188] [189 <./Figures/AP2/fig_innercutout_inpainting.pdf>]
<Figures/AP2/fig_localshuffling_patchshuffling.pdf, id=4060, 947.54pt x 425.59p
t>
File: Figures/AP2/fig_localshuffling_patchshuffling.pdf Graphic file (type pdf)

<use Figures/AP2/fig_localshuffling_patchshuffling.pdf>
Package pdftex.def Info: Figures/AP2/fig_localshuffling_patchshuffling.pdf  use
d on input line 88.
(pdftex.def)             Requested size: 433.62001pt x 194.76071pt.
 [190 <./Figures/AP2/fig_localshuffling_patchshuffling.pdf>]
[191] [192]) [193] [194]
\openout2 = `vita.aux'.

 (./vita.tex) [195


]
Package atveryend Info: Empty hook `BeforeClearDocument' on input line 140.
Package atveryend Info: Empty hook `AfterLastShipout' on input line 140.
 (./dis.aux (./abstract.aux)
(./ack.aux) (./chapter1.aux) (./chapter2.aux) (./chapter3.aux) (./chapter4.aux)
(./chapter5.aux) (./chapter6.aux) (./chapter7.aux) (./appendix1.aux)
(./appendix2.aux) (./vita.aux))
Package atveryend Info: Executing hook `AtVeryEndDocument' on input line 140.
Package atveryend Info: Executing hook `AtEndAfterFileList' on input line 140.
Package rerunfilecheck Info: File `dis.out' has not changed.
(rerunfilecheck)             Checksum: 3A083E2F011443B989410157D5E8E1F8;7958.


LaTeX Warning: Label(s) may have changed. Rerun to get cross-references right.

Package atveryend Info: Empty hook `AtVeryVeryEnd' on input line 140.
 ) 
Here is how much of TeX's memory you used:
 22591 strings out of 480608
 416693 string characters out of 5903631
 682158 words of memory out of 5000000
 37135 multiletter control sequences out of 15000+600000
 547236 words of font info for 77 fonts, out of 8000000 for 9000
 1141 hyphenation exceptions out of 8191
 59i,21n,75p,3495b,1088s stack positions out of 5000i,500n,10000p,200000b,80000s
{/usr/local/texlive/2020/texmf-dist/fonts/enc/dvips/cm-super/cm-super-ts1.enc
}</usr/local/texlive/2020/texmf-dist/fonts/type1/public/amsfonts/cm/cmbx10.pfb>
</usr/local/texlive/2020/texmf-dist/fonts/type1/public/amsfonts/cm/cmbx12.pfb><
/usr/local/texlive/2020/texmf-dist/fonts/type1/public/amsfonts/cm/cmbx6.pfb></u
sr/local/texlive/2020/texmf-dist/fonts/type1/public/amsfonts/cm/cmbx8.pfb></usr
/local/texlive/2020/texmf-dist/fonts/type1/public/amsfonts/cm/cmbxti10.pfb></us
r/local/texlive/2020/texmf-dist/fonts/type1/public/amsfonts/cm/cmcsc10.pfb></us
r/local/texlive/2020/texmf-dist/fonts/type1/public/amsfonts/cm/cmex10.pfb></usr
/local/texlive/2020/texmf-dist/fonts/type1/public/amsfonts/cm/cmmi10.pfb></usr/
local/texlive/2020/texmf-dist/fonts/type1/public/amsfonts/cm/cmmi12.pfb></usr/l
ocal/texlive/2020/texmf-dist/fonts/type1/public/amsfonts/cm/cmmi6.pfb></usr/loc
al/texlive/2020/texmf-dist/fonts/type1/public/amsfonts/cm/cmmi7.pfb></usr/local
/texlive/2020/texmf-dist/fonts/type1/public/amsfonts/cm/cmmi8.pfb></usr/local/t
exlive/2020/texmf-dist/fonts/type1/public/amsfonts/cm/cmr10.pfb></usr/local/tex
live/2020/texmf-dist/fonts/type1/public/amsfonts/cm/cmr12.pfb></usr/local/texli
ve/2020/texmf-dist/fonts/type1/public/amsfonts/cm/cmr6.pfb></usr/local/texlive/
2020/texmf-dist/fonts/type1/public/amsfonts/cm/cmr7.pfb></usr/local/texlive/202
0/texmf-dist/fonts/type1/public/amsfonts/cm/cmr8.pfb></usr/local/texlive/2020/t
exmf-dist/fonts/type1/public/amsfonts/cm/cmsl12.pfb></usr/local/texlive/2020/te
xmf-dist/fonts/type1/public/amsfonts/cm/cmsy10.pfb></usr/local/texlive/2020/tex
mf-dist/fonts/type1/public/amsfonts/cm/cmsy6.pfb></usr/local/texlive/2020/texmf
-dist/fonts/type1/public/amsfonts/cm/cmsy7.pfb></usr/local/texlive/2020/texmf-d
ist/fonts/type1/public/amsfonts/cm/cmsy8.pfb></usr/local/texlive/2020/texmf-dis
t/fonts/type1/public/amsfonts/cm/cmti10.pfb></usr/local/texlive/2020/texmf-dist
/fonts/type1/public/amsfonts/cm/cmti12.pfb></usr/local/texlive/2020/texmf-dist/
fonts/type1/public/amsfonts/cm/cmtt10.pfb></usr/local/texlive/2020/texmf-dist/f
onts/type1/public/amsfonts/cm/cmtt12.pfb></usr/local/texlive/2020/texmf-dist/fo
nts/type1/public/amsfonts/cm/cmtt8.pfb></usr/local/texlive/2020/texmf-dist/font
s/type1/public/amsfonts/symbols/msbm10.pfb></usr/local/texlive/2020/texmf-dist/
fonts/type1/public/cm-super/sfrm1200.pfb></usr/local/texlive/2020/texmf-dist/fo
nts/type1/urw/zapfding/uzdr.pfb>
Output written on dis.pdf (207 pages, 70191735 bytes).
PDF statistics:
 4432 PDF objects out of 5155 (max. 8388607)
 3508 compressed objects within 36 object streams
 766 named destinations out of 1000 (max. 500000)
 906 words of extra memory for PDF output out of 10000 (max. 10000000)

